2023-06-28 23:00:56,912 [Worker-2: Loading available Gradle versions] INFO  o.e.b.c.i.u.g.PublishedGradleVersions - Gradle version information cache is up-to-date. Trying to read.
2023-06-28 23:01:16,261 [Worker-0: Building] INFO  o.e.m.c.i.l.LifecycleMappingFactory - Using org.maven.ide.eclipse.wtp.WarLifecycleMapping lifecycle mapping for MavenProject: com.cdac:Library_mng_system2:0.0.1-SNAPSHOT @ O:\CDAC\eclipse\java codes\Library management system\Advance Java mini project\Librar-man-sys\pom.xml.
2023-06-28 23:01:18,235 [Worker-0: Building] WARN  o.a.m.s.f.DefaultMavenResourcesFiltering - Using platform encoding (Cp1252 actually) to copy filtered resources, i.e. build is platform dependent!
2023-06-28 23:01:18,236 [Worker-0: Building] INFO  o.a.m.s.f.DefaultMavenResourcesFiltering - skip non existing resourceDirectory O:\CDAC\eclipse\java codes\Library management system\Advance Java mini project\Librar-man-sys\src\main\resources
2023-06-28 23:01:18,242 [Worker-0: Building] WARN  o.a.m.s.f.DefaultMavenResourcesFiltering - Using platform encoding (Cp1252 actually) to copy filtered resources, i.e. build is platform dependent!
2023-06-28 23:01:18,242 [Worker-0: Building] INFO  o.a.m.s.f.DefaultMavenResourcesFiltering - skip non existing resourceDirectory O:\CDAC\eclipse\java codes\Library management system\Advance Java mini project\Librar-man-sys\src\test\resources
2023-06-28 23:02:48,487 [Worker-19: Building] WARN  o.a.m.s.f.DefaultMavenResourcesFiltering - Using platform encoding (Cp1252 actually) to copy filtered resources, i.e. build is platform dependent!
2023-06-28 23:02:48,488 [Worker-19: Building] INFO  o.a.m.s.f.DefaultMavenResourcesFiltering - skip non existing resourceDirectory O:\CDAC\eclipse\java codes\Library management system\Advance Java mini project\Librar-man-sys\src\main\resources
2023-06-28 23:02:48,491 [Worker-19: Building] WARN  o.a.m.s.f.DefaultMavenResourcesFiltering - Using platform encoding (Cp1252 actually) to copy filtered resources, i.e. build is platform dependent!
2023-06-28 23:02:48,491 [Worker-19: Building] INFO  o.a.m.s.f.DefaultMavenResourcesFiltering - skip non existing resourceDirectory O:\CDAC\eclipse\java codes\Library management system\Advance Java mini project\Librar-man-sys\src\test\resources
2023-06-28 23:08:02,438 [Worker-2: Updating Maven Project] INFO  o.e.m.c.i.p.ProjectConfigurationManager - Update started
2023-06-28 23:08:02,693 [Worker-2: Updating Maven Project] INFO  o.e.m.c.i.l.LifecycleMappingFactory - Using org.maven.ide.eclipse.wtp.WarLifecycleMapping lifecycle mapping for MavenProject: com.cdac:Library_mng_system2:0.0.1-SNAPSHOT @ O:\CDAC\eclipse\java codes\Library management system\Advance Java mini project\Librar-man-sys\pom.xml.
2023-06-28 23:08:03,094 [Worker-2: Updating Maven Project] INFO  o.e.m.j.i.AbstractJavaProjectConfigurator - Adding source folder /Library_mng_system2/src
2023-06-28 23:08:03,094 [Worker-2: Updating Maven Project] INFO  o.e.m.j.i.AbstractJavaProjectConfigurator - Resources folder /Library_mng_system2/src/main/resources overlaps with sources folder /Library_mng_system2/src
2023-06-28 23:08:03,095 [Worker-2: Updating Maven Project] INFO  o.e.m.j.i.AbstractJavaProjectConfigurator - Not adding source folder /Library_mng_system2/src/test/java because it overlaps with /Library_mng_system2/src
2023-06-28 23:08:03,095 [Worker-2: Updating Maven Project] INFO  o.e.m.j.i.AbstractJavaProjectConfigurator - Resources folder /Library_mng_system2/src/test/resources overlaps with sources folder /Library_mng_system2/src
2023-06-28 23:08:03,521 [Worker-2: Updating Maven Project] INFO  o.e.m.w.i.f.ResourceFilteringBuildParticipant - Cleaning filtered folder for Library_mng_system2
2023-06-28 23:08:03,553 [Worker-2: Updating Maven Project] INFO  o.e.m.c.i.p.ProjectConfigurationManager - Update completed for 1 poms: local refresh takes 0.00 sec, refresh facades takes 0.00 sec, update config takes 0.00 sec 
2023-06-28 23:08:03,714 [Worker-31: Building Project Library_mng_system2] WARN  o.a.m.s.f.DefaultMavenResourcesFiltering - Using platform encoding (Cp1252 actually) to copy filtered resources, i.e. build is platform dependent!
2023-06-28 23:08:03,715 [Worker-31: Building Project Library_mng_system2] INFO  o.a.m.s.f.DefaultMavenResourcesFiltering - skip non existing resourceDirectory O:\CDAC\eclipse\java codes\Library management system\Advance Java mini project\Librar-man-sys\src\main\resources
2023-06-28 23:08:03,720 [Worker-31: Building Project Library_mng_system2] WARN  o.a.m.s.f.DefaultMavenResourcesFiltering - Using platform encoding (Cp1252 actually) to copy filtered resources, i.e. build is platform dependent!
2023-06-28 23:08:03,721 [Worker-31: Building Project Library_mng_system2] INFO  o.a.m.s.f.DefaultMavenResourcesFiltering - skip non existing resourceDirectory O:\CDAC\eclipse\java codes\Library management system\Advance Java mini project\Librar-man-sys\src\test\resources
2023-06-28 23:08:03,721 [Worker-31: Building Project Library_mng_system2] INFO  o.e.m.w.i.f.ResourceFilteringBuildParticipant - Changed resources require a complete clean of filtered resources of Library_mng_system2
2023-06-28 23:08:03,722 [Worker-31: Building Project Library_mng_system2] INFO  o.e.m.w.i.f.ResourceFilteringBuildParticipant - Executing resource filtering for Library_mng_system2
2023-07-10 22:01:54,116 [Worker-1: Loading available Gradle versions] INFO  o.e.b.c.i.u.g.PublishedGradleVersions - Gradle version information cache is out-of-date. Trying to update.
